Marthe_Grid Version=9.0
Title=Modélisation du bassin de la SOMME Nappe_Libre         Pas       0;    CHARGE  1                    <> CHARGE 1
[Infos]
Field=CHARGE
Type=
Elem_Number=0
Name=
Time_Step=0
Time=212
Layer=1
Max_Layer=1
Nest_grid=0
Max_NestG=0
[Structure]
X_Left_Corner=596.5
Y_Lower_Corner=2542
Ncolumn=53
Nrows=54
[Data_Descript]
! Line 1       :   0   ,     0          , <   1 , 2 , 3 , Ncolumn   >
! Line 2       :   0   ,     0          , < X_Center_of_all_Columns >
! Line 2+1     :   1   , Y_of_Row_1     , < Field_Values_of_all_Columns > , Dy_of_Row_1
! Line 2+2     :   2   , Y_of_Row_2     , < Field_Values_of_all_Columns > , Dy_of_Row_2
! Line 2+Nrows : Nrows , Y_of_Row_Nrows , < Field_Values_of_all_Columns > , Dy_of_Row_2
! Line 3+Nrows :   0   ,     0          , <     Dx_of_all_Columns   >
[Data]
0	0	1	2	3	4	5	6	7	8	9	10	11	12	13	14	15	16	17	18	19	20	21	22	23	24	25	26	27	28	29	30	31	32	33	34	35	36	37	38	39	40	41	42	43	44	45	46	47	48	49	50	51	52	53	
0	0	596.75	597.25	597.75	598.25	598.75	599.25	599.75	600.25	600.75	601.25	601.75	602.25	602.75	603.25	603.75	604.25	604.75	605.25	605.75	606.25	606.75	607.25	607.75	608.25	608.75	609.25	609.75	610.25	610.75	611.25	611.75	612.25	612.75	613.25	613.75	614.25	614.75	615.25	615.75	616.25	616.75	617.25	617.75	618.25	618.75	619.25	619.75	620.25	620.75	621.25	621.75	622.25	622.75	
1	2568.75	9999	9999	9999	9999	9999	9999	9999	9999	9999	9999	9999	9999	9999	9999	9999	9999	9999	9999	9999	9999	9999	9999	9999	9999	9999	9999	9999	9999	9999	9999	9999	9999	9999	9999	9999	9999	9999	9999	9999	9999	9999	9999	9999	9999	9999	9999	9999	9999	9999	9999	9999	9999	9999	0.5	
2	2568.25	9999	9999	9999	9999	9999	9999	9999	9999	9999	9999	9999	9999	9999	9999	9999	9999	9999	9999	9999	9999	9999	9999	9999	9999	9999	9999	9999	9999	9999	9999	9999	9999	9999	9999	9999	9999	9999	9999	9999	9999	9999	9999	9999	9999	9999	9999	9999	9999	9999	9999	9999	9999	9999	0.5	
3	2567.75	9999	9999	9999	9999	9999	9999	9999	9999	9999	9999	9999	9999	9999	9999	9999	9999	9999	9999	9999	9999	9999	9999	9999	9999	9999	9999	9999	9999	9999	9999	9999	9999	9999	9999	9999	9999	9999	9999	9999	9999	9999	9999	9999	9999	9999	9999	9999	9999	9999	9999	9999	9999	9999	0.5	
4	2567.25	9999	9999	9999	9999	9999	9999	9999	9999	9999	9999	9999	9999	9999	9999	9999	9999	9999	9999	9999	9999	9999	9999	9999	9999	9999	9999	9999	9999	9999	9999	9999	9999	9999	9999	9999	9999	9999	9999	9999	9999	9999	9999	9999	9999	9999	9999	9999	9999	9999	9999	9999	9999	9999	0.5	
5	2566.75	9999	9999	9999	9999	9999	9999	9999	9999	9999	9999	9999	9999	9999	9999	9999	9999	9999	9999	9999	9999	9999	9999	9999	9999	9999	9999	9999	9999	9999	9999	9999	9999	9999	9999	9999	9999	9999	9999	9999	9999	9999	9999	100.0473	100.6405	101.1256	101.6138	102.6527	103.3882	103.5225	9999	9999	9999	9999	0.5	
6	2566.25	9999	9999	9999	9999	9999	9999	9999	9999	9999	9999	9999	9999	9999	9999	9999	9999	9999	9999	9999	9999	9999	9999	9999	9999	9999	9999	9999	9999	9999	9999	9999	9999	9999	9999	9999	9999	9999	9999	9999	9999	9999	9999	96.99962	97.5959	98.07606	98.84632	99.3106	100.1469	9999	9999	9999	9999	9999	0.5	
7	2565.75	9999	9999	9999	9999	9999	9999	9999	9999	9999	9999	9999	9999	9999	9999	9999	9999	9999	9999	9999	9999	9999	9999	9999	9999	9999	9999	9999	9999	9999	9999	9999	9999	9999	9999	9999	9999	9999	9999	9999	9999	9999	94.18056	94.62288	95.05608	95.75845	96.57189	96.67665	97.3179	9999	9999	9999	9999	9999	0.5	
8	2565.25	9999	9999	9999	9999	9999	9999	9999	9999	9999	9999	9999	9999	9999	9999	9999	9999	9999	9999	9999	9999	9999	9999	9999	9999	9999	9999	9999	9999	9999	9999	9999	9999	9999	9999	9999	9999	9999	9999	9999	9999	9999	92.61234	93.01282	93.2821	94.13883	94.57117	94.71704	95.01624	94.39852	9999	9999	9999	9999	0.5	
9	2564.75	9999	9999	9999	9999	9999	9999	9999	9999	9999	9999	9999	9999	9999	9999	9999	9999	9999	9999	9999	9999	9999	9999	9999	9999	9999	9999	9999	9999	9999	9999	9999	9999	9999	9999	9999	9999	92.77721	9999	92.3271	92.25778	92.0494	92.16195	92.26115	92.46916	92.81685	93.23281	93.41207	93.73885	93.81635	9999	9999	9999	9999	0.5	
10	2564.25	9999	9999	9999	9999	9999	9999	9999	9999	9999	9999	9999	9999	9999	9999	9999	9999	9999	9999	9999	9999	9999	9999	9999	9999	9999	81.21423	81.73922	9999	9999	9999	9999	9999	9999	9999	9999	90.99886	91.51407	91.47437	91.79996	91.70437	91.54276	91.62749	91.78259	91.90032	91.92923	92.27818	92.71994	93.1012	93.43574	9999	9999	9999	9999	0.5	
11	2563.75	9999	9999	9999	9999	9999	9999	9999	9999	9999	9999	9999	9999	9999	9999	9999	9999	9999	9999	9999	9999	9999	9999	9999	79.01985	75.55431	74.76029	74.79739	75.58805	81.28172	87.74904	9999	9999	9999	9999	89.86463	90.36915	90.79961	90.97815	91.15424	91.12617	91.07517	91.08864	91.23567	91.33085	91.45439	91.69063	92.03878	92.51645	9999	9999	9999	9999	9999	0.5	
12	2563.25	9999	9999	9999	9999	9999	9999	9999	9999	9999	9999	9999	9999	9999	9999	9999	9999	9999	9999	9999	9999	9999	72.43457	72.43457	72.94862	73.92877	74.30568	74.38599	74.39239	73.94432	75.26846	9999	9999	9999	9999	89.36453	89.68175	90.09317	90.34093	90.45303	90.57679	90.61789	90.65929	90.72168	90.89881	91.07994	91.39773	91.67587	9999	9999	9999	9999	9999	9999	0.5	
13	2562.75	9999	9999	9999	9999	9999	9999	9999	9999	9999	9999	9999	9999	9999	9999	9999	9999	9999	9999	9999	9999	9999	9999	71.76696	72.10333	72.66793	73.17007	72.70057	71.20116	68.32027	67.87228	9999	9999	9999	9999	88.65267	88.98165	89.39242	89.62379	89.8527	89.9038	90.00664	90.07355	90.2143	90.58011	90.75206	91.0579	9999	9999	9999	9999	9999	9999	9999	0.5	
14	2562.25	9999	9999	9999	9999	9999	9999	9999	9999	9999	9999	9999	9999	9999	9999	9999	9999	9999	9999	9999	9999	69.53047	69.71015	70.41923	71.00432	71.69356	71.69672	70.03517	68.19262	67.63966	67.19356	66.71501	66.5583	69.44036	75.52893	83.14243	85.45458	87.12294	88.72908	89.15565	89.18093	89.25249	89.22961	89.44224	89.34556	89.43624	9999	9999	9999	9999	9999	9999	9999	9999	0.5	
15	2561.75	9999	9999	9999	9999	9999	9999	9999	9999	9999	9999	9999	9999	9999	9999	9999	88.04246	82.97794	80.84483	9999	69.30987	69.15327	69.20643	69.26113	69.43962	69.42958	68.65615	67.27738	66.74945	66.79235	66.61951	66.37607	66.25004	67.72592	72.00169	76.34831	79.1237	81.63498	84.77178	86.60422	87.93187	87.40997	87.67421	87.9204	87.74974	87.50727	9999	9999	9999	9999	9999	9999	9999	9999	0.5	
16	2561.25	9999	9999	9999	9999	9999	9999	9999	9999	9999	9999	9999	9999	9999	96.97939	88.38553	81.59411	75.74396	73.46193	70.52591	69.39026	68.7893	68.57686	68.33682	67.98531	67.24561	66.36703	65.97893	66.0647	65.83627	65.75918	65.74032	65.80764	65.95369	67.94479	70.48242	72.73723	75.26274	78.23052	80.88457	83.62973	84.55884	85.53182	85.42535	84.97186	84.85482	9999	9999	9999	9999	9999	9999	9999	9999	0.5	
17	2560.75	9999	9999	9999	9999	9999	9999	9999	9999	9999	9999	9999	9999	9999	93.57829	86.32373	79.46181	74.4494	71.66657	70.1166	69.14113	68.51476	68.086	67.64399	67.17394	66.43542	65.61047	65.36922	65.32024	65.04842	64.97637	65.12695	65.35424	65.81348	66.40369	67.46103	69.37649	71.35054	74.06768	77.06022	79.68827	81.61559	82.2142	81.97746	81.47639	81.43664	80.24791	9999	9999	9999	9999	9999	9999	9999	0.5	
18	2560.25	9999	9999	9999	9999	9999	9999	9999	9999	9999	9999	9999	9999	9999	91.92925	83.51491	78.12108	73.19302	71.03236	69.50705	68.43673	68.15864	67.76871	67.20965	66.66019	65.69282	64.90768	64.72844	64.57985	64.37391	64.4588	64.67723	65.01082	65.46591	66.05538	66.83296	68.60615	70.84645	73.02862	75.43689	77.80607	79.3937	79.35175	79.38587	79.55147	79.12645	79.15977	9999	9999	9999	9999	9999	9999	9999	0.5	
19	2559.75	9999	9999	9999	9999	9999	9999	9999	9999	9999	9999	9999	9999	9999	9999	78.24014	74.13476	70.18866	68.96773	67.55812	67.53417	66.95698	66.3172	65.82275	65.54512	64.53353	64.02576	63.82964	63.69322	63.58515	63.78478	64.13669	64.53323	65.09416	65.68218	66.59424	68.36675	70.16704	71.76094	73.50026	75.59995	77.22291	77.52155	77.46403	77.62227	77.49305	78.08693	9999	9999	9999	9999	9999	9999	9999	0.5	
20	2559.25	9999	9999	9999	9999	9999	9999	9999	9999	9999	9999	9999	9999	9999	84.52543	75.67242	69.93987	66.53534	65.03732	64.18862	64.61259	63.55598	62.6122	62.46129	62.94936	63.00762	62.86105	62.6397	62.58572	62.64874	62.82512	63.48585	64.00878	64.5601	65.25641	66.35946	68.01889	69.6481	70.90341	71.91939	73.55108	75.18068	75.89906	76.11874	76.58784	76.98506	9999	9999	9999	9999	9999	9999	9999	9999	0.5	
21	2558.75	9999	9999	9999	9999	9999	9999	9999	9999	9999	9999	9999	9999	9999	73.36399	69.11535	64.0584	61.58093	59.96587	59.14379	59.88049	59.86416	60.0933	60.37209	60.6636	61.14014	61.20633	61.24035	61.26301	61.51435	61.83557	62.43297	63.25126	63.77003	64.66475	65.97258	67.68297	69.03798	70.08388	71.18484	72.63356	74.18679	75.05196	75.38099	75.88957	9999	9999	9999	9999	9999	9999	9999	9999	9999	0.5	
22	2558.25	9999	9999	9999	9999	9999	9999	9999	9999	9999	9999	9999	9999	9999	65.53012	62.67577	59.66557	58.39135	56.55873	55.3584	55.30242	55.4258	56.84476	58.74506	59.84791	60.10232	60.01109	59.68369	59.34228	59.82558	60.71676	61.08166	61.80379	62.46424	63.56083	65.01574	66.81743	68.46344	69.44558	70.37645	71.96555	73.76058	74.71694	75.04796	9999	9999	9999	9999	9999	9999	9999	9999	9999	9999	0.5	
23	2557.75	9999	9999	9999	9999	9999	9999	9999	9999	9999	9999	9999	9999	9999	58.99099	57.92672	57.09831	55.80727	54.61894	53.55239	52.84228	52.60723	52.87899	54.5038	57.24604	58.02996	58.092	57.75127	57.52785	58.16764	58.95418	59.782	60.5377	61.43141	62.74837	64.19533	65.7685	67.46213	68.7398	69.70957	70.90244	72.62699	74.13773	9999	9999	9999	9999	9999	9999	9999	9999	9999	9999	9999	0.5	
24	2557.25	9999	9999	9999	9999	9999	9999	9999	9999	9999	9999	9999	9999	50.54145	52.22764	52.15718	51.77527	51.32919	52.06784	52.6135	52.01628	51.71776	51.38294	51.32513	52.74049	53.65008	54.4709	55.57445	56.02205	56.55156	57.33538	58.41548	59.61845	60.68149	62.16487	63.72155	65.18559	66.63775	67.91977	68.93887	70.08556	71.3715	9999	9999	9999	9999	9999	9999	9999	9999	9999	9999	9999	9999	0.5	
25	2556.75	9999	9999	9999	9999	9999	9999	9999	9999	9999	9999	46.58348	47.31582	48.69684	48.99489	48.93914	48.68954	48.52867	48.63317	50.35951	50.13848	50.00936	49.96741	50.1719	50.30219	50.79222	51.66853	52.93786	54.19912	55.10695	56.36112	57.61496	58.83356	60.03025	61.65314	63.0924	64.53613	65.98393	67.21101	68.30415	69.19792	9999	9999	9999	9999	9999	9999	9999	9999	9999	9999	9999	9999	9999	0.5	
26	2556.25	9999	9999	9999	9999	9999	9999	9999	9999	9999	45.64358	45.92443	46.40224	47.59434	48.41099	48.37476	48.18355	48.05983	47.9138	48.09142	48.28992	48.26903	48.82454	49.07796	49.38098	49.78844	50.31685	51.06257	52.22478	54.24727	55.83232	57.20806	58.38323	59.69652	61.40302	62.78917	64.36245	65.71072	66.5867	67.44141	9999	9999	9999	9999	9999	9999	9999	9999	9999	9999	9999	9999	9999	9999	0.5	
27	2555.75	9999	9999	9999	9999	9999	9999	9999	45.10772	45.16161	45.34899	45.53982	45.57192	46.10023	47.1185	47.24471	47.74611	47.65091	47.32857	46.99905	47.22561	47.20501	47.58257	47.91155	48.33449	48.83893	49.14804	50.02598	51.40611	53.09379	54.7501	56.70058	58.25992	59.37398	61.01183	62.26629	63.95635	65.41855	66.136	9999	9999	9999	9999	9999	9999	9999	9999	9999	9999	9999	9999	9999	9999	9999	0.5	
28	2555.25	9999	9999	9999	9999	9999	45.06223	45.06382	45.0703	45.08244	45.10835	45.2415	45.30064	45.27394	45.57513	45.604	46.23477	46.55541	46.48182	46.37272	46.45973	46.56889	46.58084	47.01553	47.37948	47.97895	48.78669	49.58152	50.74578	51.81774	52.80148	54.43072	56.9956	59.19933	61.058	61.87829	9999	9999	9999	9999	9999	9999	9999	9999	9999	9999	9999	9999	9999	9999	9999	9999	9999	9999	0.5	
29	2554.75	9999	9999	9999	9999	9999	45.05937	45.05773	45.05233	45.05023	45.05243	45.04207	45.09158	45.08633	45.04444	45.10547	45.15308	45.58212	45.80383	45.90556	45.95501	46.01392	45.95371	46.07163	46.08164	47.01777	47.61881	48.43308	49.61293	50.59158	51.11517	51.92898	54.04688	9999	9999	9999	9999	9999	9999	9999	9999	9999	9999	9999	9999	9999	9999	9999	9999	9999	9999	9999	9999	9999	0.5	
30	2554.25	9999	9999	9999	9999	9999	9999	9999	44.99952	44.9424	44.91077	44.93742	44.94561	44.93955	44.88363	44.80777	44.75631	44.99574	45.39123	45.50323	45.47549	45.48758	45.38947	45.29947	45.0966	45.79032	46.33051	47.01031	47.88478	48.71354	49.13482	49.28826	9999	9999	9999	9999	9999	9999	9999	9999	9999	9999	9999	9999	9999	9999	9999	9999	9999	9999	9999	9999	9999	9999	0.5	
31	2553.75	9999	9999	9999	9999	9999	9999	9999	9999	44.76511	44.59016	44.51081	44.40884	44.37413	44.45083	44.49483	44.45359	44.39384	44.61828	44.6828	44.67476	44.74163	44.80607	44.89897	44.85356	44.83398	45.17234	45.65454	46.29277	46.84827	47.15211	47.20471	9999	9999	9999	9999	9999	9999	9999	9999	9999	9999	9999	9999	9999	9999	9999	9999	9999	9999	9999	9999	9999	9999	0.5	
32	2553.25	9999	9999	9999	9999	9999	9999	9999	9999	9999	44.16603	43.73208	43.32256	43.20497	43.47775	44.12315	44.21224	44.14616	44.09941	43.99148	43.80843	43.69692	43.8714	43.96079	44.07461	44.15597	44.33449	44.56064	45.10976	45.58685	45.88719	46.00129	9999	9999	9999	9999	9999	9999	9999	9999	9999	9999	9999	9999	9999	9999	9999	9999	9999	9999	9999	9999	9999	9999	0.5	
33	2552.75	9999	9999	9999	9999	9999	9999	9999	9999	9999	9999	42.92917	42.39817	42.14941	42.14747	42.66835	43.28443	43.75888	43.71137	43.43363	42.90016	42.73533	42.79951	43.01928	43.38071	43.4896	43.63502	43.8541	44.34512	44.86091	45.21357	45.41325	9999	9999	9999	9999	9999	9999	9999	9999	9999	9999	9999	9999	9999	9999	9999	9999	9999	9999	9999	9999	9999	9999	0.5	
34	2552.25	9999	9999	9999	9999	9999	9999	9999	9999	9999	9999	9999	41.85075	41.36323	41.11377	40.90518	40.96647	42.12406	42.3828	42.11889	41.89285	41.88918	41.81253	41.94607	42.45731	42.86499	42.9744	43.25328	43.7549	44.30523	44.70163	45.05985	9999	9999	9999	9999	9999	9999	9999	9999	9999	9999	9999	9999	9999	9999	9999	9999	9999	9999	9999	9999	9999	9999	0.5	
35	2551.75	9999	9999	9999	9999	9999	9999	9999	9999	9999	9999	9999	9999	40.43884	40.12816	39.67336	39.26695	39.63411	40.14507	40.77102	40.84762	40.77103	40.60404	40.20763	41.02755	41.8899	42.13601	42.5335	43.39146	43.97737	44.2994	9999	9999	9999	9999	9999	9999	9999	9999	9999	9999	9999	9999	9999	9999	9999	9999	9999	9999	9999	9999	9999	9999	9999	0.5	
36	2551.25	9999	9999	9999	9999	9999	9999	9999	9999	9999	9999	9999	9999	39.87662	39.34235	38.97325	38.7836	38.6184	38.6316	39.403	39.90623	39.92525	40.01833	39.94986	40.16506	40.71669	41.08552	41.34477	9999	9999	9999	9999	9999	9999	9999	9999	9999	9999	9999	9999	9999	9999	9999	9999	9999	9999	9999	9999	9999	9999	9999	9999	9999	9999	0.5	
37	2550.75	9999	9999	9999	9999	9999	9999	9999	9999	9999	9999	9999	9999	9999	38.65404	38.54541	38.40177	38.32656	38.26449	38.37898	38.9937	39.34878	39.85433	39.38809	39.32813	39.73675	40.17876	40.48299	9999	9999	9999	9999	9999	9999	9999	9999	9999	9999	9999	9999	9999	9999	9999	9999	9999	9999	9999	9999	9999	9999	9999	9999	9999	9999	0.5	
38	2550.25	9999	9999	9999	9999	9999	9999	9999	9999	9999	9999	9999	9999	9999	38.0756	37.99089	37.87782	37.87286	37.8692	37.93756	38.13087	38.48924	38.86226	38.51443	38.6022	38.88597	39.42066	39.95094	9999	9999	9999	9999	9999	9999	9999	9999	9999	9999	9999	9999	9999	9999	9999	9999	9999	9999	9999	9999	9999	9999	9999	9999	9999	9999	0.5	
39	2549.75	9999	9999	9999	9999	9999	9999	9999	9999	9999	9999	9999	9999	37.4789	37.58772	37.53523	37.48273	37.41476	37.38128	37.35974	37.28478	37.22975	36.99202	37.29514	37.68516	38.00852	38.72118	9999	9999	9999	9999	9999	9999	9999	9999	9999	9999	9999	9999	9999	9999	9999	9999	9999	9999	9999	9999	9999	9999	9999	9999	9999	9999	9999	0.5	
40	2549.25	9999	9999	9999	9999	9999	9999	9999	9999	9999	9999	9999	9999	37.36977	37.26382	37.1324	37.19389	37.11276	36.88167	36.65258	36.45607	36.03368	35.2893	36.00346	36.33613	36.60333	9999	9999	9999	9999	9999	9999	9999	9999	9999	9999	9999	9999	9999	9999	9999	9999	9999	9999	9999	9999	9999	9999	9999	9999	9999	9999	9999	9999	0.5	
41	2548.75	9999	9999	9999	9999	9999	9999	9999	9999	9999	9999	9999	9999	9999	36.77913	36.06311	36.06038	36.06639	36.02317	35.91177	35.68746	35.39321	35.07298	35.39341	35.43831	35.44767	9999	9999	9999	9999	9999	9999	9999	9999	9999	9999	9999	9999	9999	9999	9999	9999	9999	9999	9999	9999	9999	9999	9999	9999	9999	9999	9999	9999	0.5	
42	2548.25	9999	9999	9999	9999	9999	9999	9999	9999	9999	9999	9999	9999	9999	9999	34.79982	34.91037	35.07238	35.28427	35.31944	35.18043	35.02298	34.98002	34.92452	34.60075	34.29847	9999	9999	9999	9999	9999	9999	9999	9999	9999	9999	9999	9999	9999	9999	9999	9999	9999	9999	9999	9999	9999	9999	9999	9999	9999	9999	9999	9999	0.5	
43	2547.75	9999	9999	9999	9999	9999	9999	9999	9999	9999	9999	9999	9999	9999	9999	34.38817	34.48557	34.67942	34.83135	34.9534	34.97081	34.98324	34.81614	34.3578	33.60231	32.84761	31.79207	9999	9999	9999	9999	9999	9999	9999	9999	9999	9999	9999	9999	9999	9999	9999	9999	9999	9999	9999	9999	9999	9999	9999	9999	9999	9999	9999	0.5	
44	2547.25	9999	9999	9999	9999	9999	9999	9999	9999	9999	9999	9999	9999	9999	9999	33.86907	33.95042	34.13067	34.35107	34.63552	34.82534	34.95584	34.56493	33.68531	32.62446	31.65922	30.85856	30.53517	30.49356	9999	9999	9999	9999	9999	9999	9999	9999	9999	9999	9999	9999	9999	9999	9999	9999	9999	9999	9999	9999	9999	9999	9999	9999	9999	0.5	
45	2546.75	9999	9999	9999	9999	9999	9999	9999	9999	9999	9999	9999	9999	9999	9999	33.45085	33.51044	33.64558	33.90641	34.2643	34.65021	34.88076	34.42842	33.19277	31.5445	30.44354	30.23938	30.41161	30.45673	9999	9999	9999	9999	9999	9999	9999	9999	9999	9999	9999	9999	9999	9999	9999	9999	9999	9999	9999	9999	9999	9999	9999	9999	9999	0.5	
46	2546.25	9999	9999	9999	9999	9999	9999	9999	9999	9999	9999	9999	9999	9999	9999	33.1475	33.1692	33.22204	33.34818	33.58369	33.99484	34.48073	34.46494	32.35626	29.86596	29.52723	29.81162	9999	9999	9999	9999	9999	9999	9999	9999	9999	9999	9999	9999	9999	9999	9999	9999	9999	9999	9999	9999	9999	9999	9999	9999	9999	9999	9999	0.5	
47	2545.75	9999	9999	9999	9999	9999	9999	9999	9999	9999	9999	9999	9999	9999	32.77934	32.83129	32.8007	32.72608	32.67244	32.70965	32.8084	32.90874	32.26594	30.00921	27.99997	28.82398	9999	9999	9999	9999	9999	9999	9999	9999	9999	9999	9999	9999	9999	9999	9999	9999	9999	9999	9999	9999	9999	9999	9999	9999	9999	9999	9999	9999	0.5	
48	2545.25	9999	9999	9999	9999	9999	9999	9999	9999	9999	9999	9999	9999	9999	32.69556	32.61414	32.49571	32.22881	31.92186	31.7436	31.59626	31.0465	30.13795	28.45028	26.43407	9999	9999	9999	9999	9999	9999	9999	9999	9999	9999	9999	9999	9999	9999	9999	9999	9999	9999	9999	9999	9999	9999	9999	9999	9999	9999	9999	9999	9999	0.5	
49	2544.75	9999	9999	9999	9999	9999	9999	9999	9999	9999	9999	9999	9999	9999	9999	32.48126	32.25573	31.78456	31.05459	30.75948	30.33465	29.5399	28.83976	27.78512	26.84101	9999	9999	9999	9999	9999	9999	9999	9999	9999	9999	9999	9999	9999	9999	9999	9999	9999	9999	9999	9999	9999	9999	9999	9999	9999	9999	9999	9999	9999	0.5	
50	2544.25	9999	9999	9999	9999	9999	9999	9999	9999	9999	9999	9999	9999	9999	9999	9999	9999	9999	29.77809	29.31808	28.77054	28.19288	27.57837	26.88414	26.18294	9999	9999	9999	9999	9999	9999	9999	9999	9999	9999	9999	9999	9999	9999	9999	9999	9999	9999	9999	9999	9999	9999	9999	9999	9999	9999	9999	9999	9999	0.5	
51	2543.75	9999	9999	9999	9999	9999	9999	9999	9999	9999	9999	9999	9999	9999	9999	9999	9999	9999	28.79424	27.80444	27.46988	27.12712	26.54997	26.03449	24.99997	9999	9999	9999	9999	9999	9999	9999	9999	9999	9999	9999	9999	9999	9999	9999	9999	9999	9999	9999	9999	9999	9999	9999	9999	9999	9999	9999	9999	9999	0.5	
52	2543.25	9999	9999	9999	9999	9999	9999	9999	9999	9999	9999	9999	9999	9999	9999	9999	9999	9999	9999	27	27	26.65896	26	26.01578	9999	9999	9999	9999	9999	9999	9999	9999	9999	9999	9999	9999	9999	9999	9999	9999	9999	9999	9999	9999	9999	9999	9999	9999	9999	9999	9999	9999	9999	9999	0.5	
53	2542.75	9999	9999	9999	9999	9999	9999	9999	9999	9999	9999	9999	9999	9999	9999	9999	9999	9999	9999	9999	9999	9999	9999	9999	9999	9999	9999	9999	9999	9999	9999	9999	9999	9999	9999	9999	9999	9999	9999	9999	9999	9999	9999	9999	9999	9999	9999	9999	9999	9999	9999	9999	9999	9999	0.5	
54	2542.25	9999	9999	9999	9999	9999	9999	9999	9999	9999	9999	9999	9999	9999	9999	9999	9999	9999	9999	9999	9999	9999	9999	9999	9999	9999	9999	9999	9999	9999	9999	9999	9999	9999	9999	9999	9999	9999	9999	9999	9999	9999	9999	9999	9999	9999	9999	9999	9999	9999	9999	9999	9999	9999	0.5	
0	0	0.5	0.5	0.5	0.5	0.5	0.5	0.5	0.5	0.5	0.5	0.5	0.5	0.5	0.5	0.5	0.5	0.5	0.5	0.5	0.5	0.5	0.5	0.5	0.5	0.5	0.5	0.5	0.5	0.5	0.5	0.5	0.5	0.5	0.5	0.5	0.5	0.5	0.5	0.5	0.5	0.5	0.5	0.5	0.5	0.5	0.5	0.5	0.5	0.5	0.5	0.5	0.5	0.5	
[End_Grid]
Marthe_Grid Version=9.0
Title=Modélisation du bassin de la SOMME Nappe_Libre         Pas    6210;    CHARGE  1                    <> CHARGE 1
[Infos]
Field=CHARGE
Type=
Elem_Number=0
Name=
Time_Step=6210
Time=6422
Layer=1
Max_Layer=1
Nest_grid=0
Max_NestG=0
[Structure]
X_Left_Corner=596.5
Y_Lower_Corner=2542
Ncolumn=53
Nrows=54
[Data_Descript]
! Line 1       :   0   ,     0          , <   1 , 2 , 3 , Ncolumn   >
! Line 2       :   0   ,     0          , < X_Center_of_all_Columns >
! Line 2+1     :   1   , Y_of_Row_1     , < Field_Values_of_all_Columns > , Dy_of_Row_1
! Line 2+2     :   2   , Y_of_Row_2     , < Field_Values_of_all_Columns > , Dy_of_Row_2
! Line 2+Nrows : Nrows , Y_of_Row_Nrows , < Field_Values_of_all_Columns > , Dy_of_Row_2
! Line 3+Nrows :   0   ,     0          , <     Dx_of_all_Columns   >
[Data]
0	0	1	2	3	4	5	6	7	8	9	10	11	12	13	14	15	16	17	18	19	20	21	22	23	24	25	26	27	28	29	30	31	32	33	34	35	36	37	38	39	40	41	42	43	44	45	46	47	48	49	50	51	52	53	
0	0	596.75	597.25	597.75	598.25	598.75	599.25	599.75	600.25	600.75	601.25	601.75	602.25	602.75	603.25	603.75	604.25	604.75	605.25	605.75	606.25	606.75	607.25	607.75	608.25	608.75	609.25	609.75	610.25	610.75	611.25	611.75	612.25	612.75	613.25	613.75	614.25	614.75	615.25	615.75	616.25	616.75	617.25	617.75	618.25	618.75	619.25	619.75	620.25	620.75	621.25	621.75	622.25	622.75	
1	2568.75	9999	9999	9999	9999	9999	9999	9999	9999	9999	9999	9999	9999	9999	9999	9999	9999	9999	9999	9999	9999	9999	9999	9999	9999	9999	9999	9999	9999	9999	9999	9999	9999	9999	9999	9999	9999	9999	9999	9999	9999	9999	9999	9999	9999	9999	9999	9999	9999	9999	9999	9999	9999	9999	0.5	
2	2568.25	9999	9999	9999	9999	9999	9999	9999	9999	9999	9999	9999	9999	9999	9999	9999	9999	9999	9999	9999	9999	9999	9999	9999	9999	9999	9999	9999	9999	9999	9999	9999	9999	9999	9999	9999	9999	9999	9999	9999	9999	9999	9999	9999	9999	9999	9999	9999	9999	9999	9999	9999	9999	9999	0.5	
3	2567.75	9999	9999	9999	9999	9999	9999	9999	9999	9999	9999	9999	9999	9999	9999	9999	9999	9999	9999	9999	9999	9999	9999	9999	9999	9999	9999	9999	9999	9999	9999	9999	9999	9999	9999	9999	9999	9999	9999	9999	9999	9999	9999	9999	9999	9999	9999	9999	9999	9999	9999	9999	9999	9999	0.5	
4	2567.25	9999	9999	9999	9999	9999	9999	9999	9999	9999	9999	9999	9999	9999	9999	9999	9999	9999	9999	9999	9999	9999	9999	9999	9999	9999	9999	9999	9999	9999	9999	9999	9999	9999	9999	9999	9999	9999	9999	9999	9999	9999	9999	9999	9999	9999	9999	9999	9999	9999	9999	9999	9999	9999	0.5	
5	2566.75	9999	9999	9999	9999	9999	9999	9999	9999	9999	9999	9999	9999	9999	9999	9999	9999	9999	9999	9999	9999	9999	9999	9999	9999	9999	9999	9999	9999	9999	9999	9999	9999	9999	9999	9999	9999	9999	9999	9999	9999	9999	9999	100.0473	100.6405	101.1256	101.6138	102.6527	103.3882	103.5225	9999	9999	9999	9999	0.5	
6	2566.25	9999	9999	9999	9999	9999	9999	9999	9999	9999	9999	9999	9999	9999	9999	9999	9999	9999	9999	9999	9999	9999	9999	9999	9999	9999	9999	9999	9999	9999	9999	9999	9999	9999	9999	9999	9999	9999	9999	9999	9999	9999	9999	96.99962	97.80992	98.39218	99.20654	99.84815	100.7844	9999	9999	9999	9999	9999	0.5	
7	2565.75	9999	9999	9999	9999	9999	9999	9999	9999	9999	9999	9999	9999	9999	9999	9999	9999	9999	9999	9999	9999	9999	9999	9999	9999	9999	9999	9999	9999	9999	9999	9999	9999	9999	9999	9999	9999	9999	9999	9999	9999	9999	94.18056	94.82845	95.44218	96.24098	97.17953	97.53054	98.40061	9999	9999	9999	9999	9999	0.5	
8	2565.25	9999	9999	9999	9999	9999	9999	9999	9999	9999	9999	9999	9999	9999	9999	9999	9999	9999	9999	9999	9999	9999	9999	9999	9999	9999	9999	9999	9999	9999	9999	9999	9999	9999	9999	9999	9999	9999	9999	9999	9999	9999	92.61234	93.29845	93.72869	94.69603	95.33146	95.71716	96.45262	96.40296	9999	9999	9999	9999	0.5	
9	2564.75	9999	9999	9999	9999	9999	9999	9999	9999	9999	9999	9999	9999	9999	9999	9999	9999	9999	9999	9999	9999	9999	9999	9999	9999	9999	9999	9999	9999	9999	9999	9999	9999	9999	9999	9999	9999	92.77721	9999	92.3271	92.25778	92.0494	92.36213	92.63966	92.95132	93.41909	94.04155	94.39326	95.09803	95.63691	9999	9999	9999	9999	0.5	
10	2564.25	9999	9999	9999	9999	9999	9999	9999	9999	9999	9999	9999	9999	9999	9999	9999	9999	9999	9999	9999	9999	9999	9999	9999	9999	9999	81.21423	81.73922	9999	9999	9999	9999	9999	9999	9999	9999	91.55553	91.89233	91.82758	92.00738	91.94482	91.86193	92.03072	92.27156	92.45195	92.57501	93.07698	93.67907	94.40085	95.14592	9999	9999	9999	9999	0.5	
11	2563.75	9999	9999	9999	9999	9999	9999	9999	9999	9999	9999	9999	9999	9999	9999	9999	9999	9999	9999	9999	9999	9999	9999	9999	79.01985	75.55431	75.02405	75.05718	75.58805	81.28172	87.74904	9999	9999	9999	9999	90.73394	91.09406	91.38439	91.48874	91.59111	91.58414	91.58134	91.63152	91.82037	91.97377	92.15084	92.4646	92.93014	93.77194	9999	9999	9999	9999	9999	0.5	
12	2563.25	9999	9999	9999	9999	9999	9999	9999	9999	9999	9999	9999	9999	9999	9999	9999	9999	9999	9999	9999	9999	9999	73.54158	73.41672	73.76055	74.41806	74.68807	74.74142	74.72863	74.88768	76.43617	9999	9999	9999	9999	90.31993	90.55884	90.85807	91.02329	91.0905	91.18869	91.23802	91.30308	91.40539	91.59962	91.80282	92.18422	92.55224	9999	9999	9999	9999	9999	9999	0.5	
13	2562.75	9999	9999	9999	9999	9999	9999	9999	9999	9999	9999	9999	9999	9999	9999	9999	9999	9999	9999	9999	9999	9999	9999	72.9058	73.11974	73.50552	73.85488	73.46641	72.2326	70.01498	69.68099	9999	9999	9999	9999	89.70038	89.97488	90.29982	90.45815	90.62375	90.65778	90.74627	90.82	90.96917	91.31832	91.50466	91.87435	9999	9999	9999	9999	9999	9999	9999	0.5	
14	2562.25	9999	9999	9999	9999	9999	9999	9999	9999	9999	9999	9999	9999	9999	9999	9999	9999	9999	9999	9999	9999	71.53956	71.45692	71.90474	72.28709	72.77934	72.74069	71.3817	69.86175	69.45741	69.10639	68.72537	68.62545	71.81028	77.74598	84.75127	86.89458	88.36098	89.70182	90.04754	90.05001	90.10301	90.08819	90.28981	90.25298	90.39231	9999	9999	9999	9999	9999	9999	9999	9999	0.5	
15	2561.75	9999	9999	9999	9999	9999	9999	9999	9999	9999	9999	9999	9999	9999	9999	9999	88.04246	82.97794	80.84483	9999	71.73336	71.31697	71.06774	71.02021	71.08455	71.02002	70.28253	69.1021	68.6443	68.72024	68.60424	68.41321	68.33001	70.06183	74.39708	78.51464	81.12059	83.41755	86.21539	87.83634	88.96158	88.4733	88.71057	88.9513	88.84173	88.69598	9999	9999	9999	9999	9999	9999	9999	9999	0.5	
16	2561.25	9999	9999	9999	9999	9999	9999	9999	9999	9999	9999	9999	9999	9999	96.97939	89.5988	83.11724	77.39665	75.34861	72.79101	71.71042	71.02559	70.62691	70.27871	69.89435	69.18682	68.32794	67.95318	68.02778	67.83208	67.78684	67.80109	67.89699	68.07511	70.2475	72.78941	74.98056	77.39472	80.18215	82.64863	85.10859	85.89993	86.78698	86.71572	86.38692	86.38728	9999	9999	9999	9999	9999	9999	9999	9999	0.5	
17	2560.75	9999	9999	9999	9999	9999	9999	9999	9999	9999	9999	9999	9999	9999	93.57829	87.55768	81.39218	76.47593	73.94684	72.4523	71.48575	70.79527	70.26122	69.71061	69.19968	68.45683	67.61991	67.37363	67.32015	67.05654	66.99478	67.16561	67.41587	67.91226	68.51729	69.60672	71.54464	73.5015	76.14267	78.99536	81.44834	83.21719	83.78364	83.61135	83.22584	83.35234	82.47422	9999	9999	9999	9999	9999	9999	9999	0.5	
18	2560.25	9999	9999	9999	9999	9999	9999	9999	9999	9999	9999	9999	9999	9999	91.92925	85.24345	80.58212	75.89541	73.57524	72.09702	70.8864	70.48389	69.99959	69.33758	68.72563	67.74082	66.92951	66.73555	66.57658	66.35476	66.44514	66.68129	67.03823	67.51969	68.13798	68.94683	70.75269	72.98206	75.10789	77.42588	79.68157	81.17727	81.16364	81.22985	81.45109	81.22525	81.51118	9999	9999	9999	9999	9999	9999	9999	0.5	
19	2559.75	9999	9999	9999	9999	9999	9999	9999	9999	9999	9999	9999	9999	9999	9999	80.91217	77.35154	73.60541	72.11267	70.57875	70.22713	69.60478	68.82576	68.13995	67.64498	66.57663	66.03544	65.81215	65.64628	65.50197	65.708	66.08498	66.50679	67.1027	67.72495	68.66672	70.44817	72.23258	73.78428	75.49323	77.55977	79.14633	79.4577	79.43214	79.65148	79.61107	80.42243	9999	9999	9999	9999	9999	9999	9999	0.5	
20	2559.25	9999	9999	9999	9999	9999	9999	9999	9999	9999	9999	9999	9999	9999	84.52543	78.17027	73.5536	70.38382	68.75477	67.68593	67.7524	66.57209	65.37737	64.97587	65.15082	65.02923	64.8179	64.54717	64.44579	64.46207	64.63335	65.35252	65.9078	66.49259	67.21375	68.30499	69.95905	71.57237	72.82685	73.8605	75.52715	77.18258	77.91246	78.14751	78.64887	79.07997	9999	9999	9999	9999	9999	9999	9999	9999	0.5	
21	2558.75	9999	9999	9999	9999	9999	9999	9999	9999	9999	9999	9999	9999	9999	75.87655	72.57506	68.16067	65.73516	63.92646	62.83945	63.29643	62.91064	62.72698	62.78645	62.82062	63.10659	63.0541	63.02276	62.96868	63.17051	63.50576	64.1489	65.02124	65.50877	66.37738	67.67423	69.42196	70.80958	71.90618	73.06446	74.58024	76.19304	77.08262	77.41885	77.95166	9999	9999	9999	9999	9999	9999	9999	9999	9999	0.5	
22	2558.25	9999	9999	9999	9999	9999	9999	9999	9999	9999	9999	9999	9999	9999	69.64495	67.06925	64.02062	62.57742	60.41916	58.91922	58.64289	58.43668	59.52992	61.09771	61.88967	61.96961	61.74414	61.27219	60.75739	61.21514	62.19929	62.54287	63.2175	63.7577	64.85495	66.35795	68.28134	70.0916	71.16483	72.17739	73.86963	75.75824	76.74427	77.08341	9999	9999	9999	9999	9999	9999	9999	9999	9999	9999	0.5	
23	2557.75	9999	9999	9999	9999	9999	9999	9999	9999	9999	9999	9999	9999	9999	64.26175	63.12809	61.93439	60.14912	58.27149	56.83822	55.8379	55.37052	55.43569	56.76069	59.23021	59.72865	59.52203	58.98442	58.60103	59.26004	60.09892	60.91654	61.57992	62.35979	63.70979	65.2135	66.89654	68.87456	70.34897	71.43773	72.73682	74.58175	76.16228	9999	9999	9999	9999	9999	9999	9999	9999	9999	9999	9999	0.5	
24	2557.25	9999	9999	9999	9999	9999	9999	9999	9999	9999	9999	9999	9999	57.74124	58.27636	57.70767	56.81063	55.80705	55.81863	55.74313	54.85659	54.3018	53.60075	53.17077	54.29738	54.76139	55.33857	56.42347	56.81627	57.2326	58.06284	59.26829	60.4934	61.29104	62.85666	64.52538	65.99997	67.86023	69.39851	70.5792	71.86927	73.2741	9999	9999	9999	9999	9999	9999	9999	9999	9999	9999	9999	9999	0.5	
25	2556.75	9999	9999	9999	9999	9999	9999	9999	9999	9999	9999	56.53498	56.21271	55.86199	54.71891	54.14135	53.26601	52.66295	52.4509	53.50417	52.55089	52.13032	51.75032	51.66013	51.22513	51.30473	52.10539	53.33771	54.52316	55.22497	56.79177	58.36345	59.80946	60.20432	62.07954	63.80694	65.42818	67.16277	68.62543	69.90307	70.91511	9999	9999	9999	9999	9999	9999	9999	9999	9999	9999	9999	9999	9999	0.5	
26	2556.25	9999	9999	9999	9999	9999	9999	9999	9999	9999	56.20206	55.64158	55.17081	54.79196	54.12412	53.44568	52.59362	52.02672	51.48729	50.85946	50.25509	49.99922	50.37763	50.18277	49.95866	50.12803	50.53357	51.09721	52.26068	54.3699	56.06257	57.99425	59.69366	60.42806	62.07805	63.59019	65.36906	66.92698	67.97392	68.96404	9999	9999	9999	9999	9999	9999	9999	9999	9999	9999	9999	9999	9999	9999	0.5	
27	2555.75	9999	9999	9999	9999	9999	9999	9999	56.82886	56.37327	55.65158	54.66124	54.16344	53.83741	53.47442	52.46658	51.94653	51.33919	50.39108	49.26916	49.01393	48.71652	48.83198	48.66585	48.72631	49.00361	49.17604	50.04463	51.50642	53.3132	55.15652	57.58589	59.45275	60.40593	61.94205	63.25857	65.08801	66.71663	67.55711	9999	9999	9999	9999	9999	9999	9999	9999	9999	9999	9999	9999	9999	9999	9999	0.5	
28	2555.25	9999	9999	9999	9999	9999	57.64365	56.74024	56.40481	55.95559	55.48208	54.4925	53.44778	52.79113	52.06738	50.93784	50.75791	49.95716	48.89601	48.28305	48.02172	47.89175	47.60149	47.59758	47.58045	48.00767	48.81051	49.66656	50.96771	52.19135	53.42614	55.43522	58.24552	60.68357	62.39952	63.1374	9999	9999	9999	9999	9999	9999	9999	9999	9999	9999	9999	9999	9999	9999	9999	9999	9999	9999	0.5	
29	2554.75	9999	9999	9999	9999	9999	57.65585	56.71103	56.35406	55.84721	55.12964	54.03245	53.07779	52.25203	51.24909	50.26784	49.34356	48.58746	47.89351	47.60877	47.38436	47.18022	46.83687	46.5413	46.11321	47.03026	47.68976	48.62555	50.00436	51.18528	51.97964	53.17598	55.83637	9999	9999	9999	9999	9999	9999	9999	9999	9999	9999	9999	9999	9999	9999	9999	9999	9999	9999	9999	9999	9999	0.5	
30	2554.25	9999	9999	9999	9999	9999	9999	9999	56.59565	56.13744	55.03831	53.70357	52.88789	51.82876	50.70088	49.71809	48.95728	48.10034	47.35423	47.14216	46.75914	46.47229	46.07635	45.5819	45.11507	45.85221	46.47904	47.3211	48.45615	49.52095	50.17534	50.56124	9999	9999	9999	9999	9999	9999	9999	9999	9999	9999	9999	9999	9999	9999	9999	9999	9999	9999	9999	9999	9999	9999	0.5	
31	2553.75	9999	9999	9999	9999	9999	9999	9999	9999	56.59945	55.44686	53.99554	52.73513	51.47424	50.04928	48.73743	48.02051	47.22562	46.68354	46.17125	45.75847	45.50349	45.25154	44.94846	44.88245	44.93307	45.36064	46.06331	47.00056	47.79745	48.29623	48.48882	9999	9999	9999	9999	9999	9999	9999	9999	9999	9999	9999	9999	9999	9999	9999	9999	9999	9999	9999	9999	9999	9999	0.5	
32	2553.25	9999	9999	9999	9999	9999	9999	9999	9999	9999	55.36233	53.51504	51.641	50.19254	48.83743	47.96578	47.4408	46.66649	45.88313	45.317	44.73272	44.28514	44.15305	43.98298	44.1406	44.28504	44.57814	45.03547	45.86131	46.57122	47.0396	47.24527	9999	9999	9999	9999	9999	9999	9999	9999	9999	9999	9999	9999	9999	9999	9999	9999	9999	9999	9999	9999	9999	9999	0.5	
33	2552.75	9999	9999	9999	9999	9999	9999	9999	9999	9999	9999	52.22517	50.0277	48.71224	47.68676	46.99252	46.41008	45.82628	44.69996	44.44171	43.55562	43.14711	42.9933	43.0395	43.46567	43.65555	43.93091	44.3533	45.09036	45.84455	46.3588	46.64982	9999	9999	9999	9999	9999	9999	9999	9999	9999	9999	9999	9999	9999	9999	9999	9999	9999	9999	9999	9999	9999	9999	0.5	
34	2552.25	9999	9999	9999	9999	9999	9999	9999	9999	9999	9999	9999	48.80764	47.34089	46.17627	45.02575	44.12642	44.4296	43.8255	43.00129	42.35513	42.2008	41.95905	41.9616	42.56126	43.07047	43.30738	43.77137	44.50062	45.27076	45.81998	46.31385	9999	9999	9999	9999	9999	9999	9999	9999	9999	9999	9999	9999	9999	9999	9999	9999	9999	9999	9999	9999	9999	9999	0.5	
35	2551.75	9999	9999	9999	9999	9999	9999	9999	9999	9999	9999	9999	9999	45.46179	44.45257	43.00478	41.82738	41.80919	41.55133	41.37658	41.24018	40.99386	40.68775	40.21988	41.12898	42.12259	42.50546	43.06265	44.14591	44.91003	45.33756	9999	9999	9999	9999	9999	9999	9999	9999	9999	9999	9999	9999	9999	9999	9999	9999	9999	9999	9999	9999	9999	9999	9999	0.5	
36	2551.25	9999	9999	9999	9999	9999	9999	9999	9999	9999	9999	9999	9999	44.32485	42.91362	41.66513	40.99115	40.44575	40.09991	40.22579	40.20958	40.07142	40.0411	39.97992	40.27475	40.95572	41.43509	41.77516	9999	9999	9999	9999	9999	9999	9999	9999	9999	9999	9999	9999	9999	9999	9999	9999	9999	9999	9999	9999	9999	9999	9999	9999	9999	9999	0.5	
37	2550.75	9999	9999	9999	9999	9999	9999	9999	9999	9999	9999	9999	9999	9999	41.69008	41.03186	40.32409	39.89377	39.43914	39.13364	39.36867	39.50031	39.87108	39.44011	39.44648	39.96073	40.4986	40.86119	9999	9999	9999	9999	9999	9999	9999	9999	9999	9999	9999	9999	9999	9999	9999	9999	9999	9999	9999	9999	9999	9999	9999	9999	9999	9999	0.5	
38	2550.25	9999	9999	9999	9999	9999	9999	9999	9999	9999	9999	9999	9999	9999	40.82314	40.21743	39.54672	39.21843	38.84703	38.6344	38.52344	38.64671	38.87637	38.57729	38.71423	39.08153	39.70868	40.30087	9999	9999	9999	9999	9999	9999	9999	9999	9999	9999	9999	9999	9999	9999	9999	9999	9999	9999	9999	9999	9999	9999	9999	9999	9999	9999	0.5	
39	2549.75	9999	9999	9999	9999	9999	9999	9999	9999	9999	9999	9999	9999	40.53291	40.27779	39.5715	38.95236	38.62323	38.29763	37.97215	37.62492	37.3751	37.00701	37.34795	37.79772	38.20119	38.97912	9999	9999	9999	9999	9999	9999	9999	9999	9999	9999	9999	9999	9999	9999	9999	9999	9999	9999	9999	9999	9999	9999	9999	9999	9999	9999	9999	0.5	
40	2549.25	9999	9999	9999	9999	9999	9999	9999	9999	9999	9999	9999	9999	40.36447	39.90774	39.12804	38.60935	38.23112	37.70581	37.17509	36.72558	36.13932	35.30064	36.05138	36.44147	36.76757	9999	9999	9999	9999	9999	9999	9999	9999	9999	9999	9999	9999	9999	9999	9999	9999	9999	9999	9999	9999	9999	9999	9999	9999	9999	9999	9999	9999	0.5	
41	2548.75	9999	9999	9999	9999	9999	9999	9999	9999	9999	9999	9999	9999	9999	39.37347	37.9605	37.46926	37.05696	36.62293	36.25056	35.79054	35.44148	35.0817	35.44134	35.54402	35.60446	9999	9999	9999	9999	9999	9999	9999	9999	9999	9999	9999	9999	9999	9999	9999	9999	9999	9999	9999	9999	9999	9999	9999	9999	9999	9999	9999	9999	0.5	
42	2548.25	9999	9999	9999	9999	9999	9999	9999	9999	9999	9999	9999	9999	9999	9999	36.17246	35.99349	35.8539	35.80979	35.51847	35.00848	35.0167	34.99381	34.9868	34.73178	34.47568	9999	9999	9999	9999	9999	9999	9999	9999	9999	9999	9999	9999	9999	9999	9999	9999	9999	9999	9999	9999	9999	9999	9999	9999	9999	9999	9999	9999	0.5	
43	2547.75	9999	9999	9999	9999	9999	9999	9999	9999	9999	9999	9999	9999	9999	9999	35.71907	35.58919	35.50086	35.34634	35.16058	34.99943	34.98907	34.85255	34.45335	33.76601	33.06389	32.05699	9999	9999	9999	9999	9999	9999	9999	9999	9999	9999	9999	9999	9999	9999	9999	9999	9999	9999	9999	9999	9999	9999	9999	9999	9999	9999	9999	0.5	
44	2547.25	9999	9999	9999	9999	9999	9999	9999	9999	9999	9999	9999	9999	9999	9999	35.1801	35.0742	34.98104	34.91738	34.9226	34.92638	34.9726	34.64376	33.83399	32.81628	31.89329	31.14185	30.87423	30.8495	9999	9999	9999	9999	9999	9999	9999	9999	9999	9999	9999	9999	9999	9999	9999	9999	9999	9999	9999	9999	9999	9999	9999	9999	9999	0.5	
45	2546.75	9999	9999	9999	9999	9999	9999	9999	9999	9999	9999	9999	9999	9999	9999	34.73344	34.6699	34.5854	34.58893	34.66218	34.81526	34.9244	34.56415	33.40243	31.74734	30.66294	30.49159	30.73518	30.80845	9999	9999	9999	9999	9999	9999	9999	9999	9999	9999	9999	9999	9999	9999	9999	9999	9999	9999	9999	9999	9999	9999	9999	9999	9999	0.5	
46	2546.25	9999	9999	9999	9999	9999	9999	9999	9999	9999	9999	9999	9999	9999	9999	34.44488	34.36282	34.23129	34.15823	34.19038	34.39256	34.69262	34.67786	32.73387	30.03471	29.68504	29.99657	9999	9999	9999	9999	9999	9999	9999	9999	9999	9999	9999	9999	9999	9999	9999	9999	9999	9999	9999	9999	9999	9999	9999	9999	9999	9999	9999	0.5	
47	2545.75	9999	9999	9999	9999	9999	9999	9999	9999	9999	9999	9999	9999	9999	34.17694	34.15722	34.02188	33.793	33.59367	33.5195	33.59103	33.79495	33.73711	31.07784	27.99997	28.91674	9999	9999	9999	9999	9999	9999	9999	9999	9999	9999	9999	9999	9999	9999	9999	9999	9999	9999	9999	9999	9999	9999	9999	9999	9999	9999	9999	9999	0.5	
48	2545.25	9999	9999	9999	9999	9999	9999	9999	9999	9999	9999	9999	9999	9999	34.06871	33.91155	33.70655	33.31513	32.89225	32.66152	32.56366	32.30727	31.91798	30.58015	26.68055	9999	9999	9999	9999	9999	9999	9999	9999	9999	9999	9999	9999	9999	9999	9999	9999	9999	9999	9999	9999	9999	9999	9999	9999	9999	9999	9999	9999	9999	0.5	
49	2544.75	9999	9999	9999	9999	9999	9999	9999	9999	9999	9999	9999	9999	9999	9999	33.76293	33.45912	32.84815	31.97937	31.65703	31.29114	30.67379	30.23265	29.14633	27.59132	9999	9999	9999	9999	9999	9999	9999	9999	9999	9999	9999	9999	9999	9999	9999	9999	9999	9999	9999	9999	9999	9999	9999	9999	9999	9999	9999	9999	9999	0.5	
50	2544.25	9999	9999	9999	9999	9999	9999	9999	9999	9999	9999	9999	9999	9999	9999	9999	9999	9999	30.51325	29.98404	29.45775	28.99176	28.4394	27.69122	26.69162	9999	9999	9999	9999	9999	9999	9999	9999	9999	9999	9999	9999	9999	9999	9999	9999	9999	9999	9999	9999	9999	9999	9999	9999	9999	9999	9999	9999	9999	0.5	
51	2543.75	9999	9999	9999	9999	9999	9999	9999	9999	9999	9999	9999	9999	9999	9999	9999	9999	9999	29.35038	28.0971	27.74567	27.50396	26.89717	26.33949	24.99997	9999	9999	9999	9999	9999	9999	9999	9999	9999	9999	9999	9999	9999	9999	9999	9999	9999	9999	9999	9999	9999	9999	9999	9999	9999	9999	9999	9999	9999	0.5	
52	2543.25	9999	9999	9999	9999	9999	9999	9999	9999	9999	9999	9999	9999	9999	9999	9999	9999	9999	9999	26.99997	26.99997	26.76314	25.99997	26.16949	9999	9999	9999	9999	9999	9999	9999	9999	9999	9999	9999	9999	9999	9999	9999	9999	9999	9999	9999	9999	9999	9999	9999	9999	9999	9999	9999	9999	9999	9999	0.5	
53	2542.75	9999	9999	9999	9999	9999	9999	9999	9999	9999	9999	9999	9999	9999	9999	9999	9999	9999	9999	9999	9999	9999	9999	9999	9999	9999	9999	9999	9999	9999	9999	9999	9999	9999	9999	9999	9999	9999	9999	9999	9999	9999	9999	9999	9999	9999	9999	9999	9999	9999	9999	9999	9999	9999	0.5	
54	2542.25	9999	9999	9999	9999	9999	9999	9999	9999	9999	9999	9999	9999	9999	9999	9999	9999	9999	9999	9999	9999	9999	9999	9999	9999	9999	9999	9999	9999	9999	9999	9999	9999	9999	9999	9999	9999	9999	9999	9999	9999	9999	9999	9999	9999	9999	9999	9999	9999	9999	9999	9999	9999	9999	0.5	
0	0	0.5	0.5	0.5	0.5	0.5	0.5	0.5	0.5	0.5	0.5	0.5	0.5	0.5	0.5	0.5	0.5	0.5	0.5	0.5	0.5	0.5	0.5	0.5	0.5	0.5	0.5	0.5	0.5	0.5	0.5	0.5	0.5	0.5	0.5	0.5	0.5	0.5	0.5	0.5	0.5	0.5	0.5	0.5	0.5	0.5	0.5	0.5	0.5	0.5	0.5	0.5	0.5	0.5	
[End_Grid]
